<?xml version="1.0" encoding="UTF-8"?>
<!-- Generated by org.testng.reporters.JUnitReportReporter -->
<testsuite hostname="DESKTOP-APEAPNV" failures="0" tests="12" name="RegistrationForm.RegistrationFormTest" time="24.486" errors="0" timestamp="2022-10-07T00:42:28 IST" skipped="0">
  <testcase classname="RegistrationForm.RegistrationFormTest" name="testToVerifyRegistrationButton" time="2.159"/>
  <testcase classname="RegistrationForm.RegistrationFormTest" name="jtestToVerifyCheckBoxThreeSelected" time="2.179"/>
  <testcase classname="RegistrationForm.RegistrationFormTest" name="itestToVerifyCheckBoxTwoSelected" time="2.206"/>
  <testcase classname="RegistrationForm.RegistrationFormTest" name="ctestRepeatPassword" time="2.215"/>
  <testcase classname="RegistrationForm.RegistrationFormTest" name="dtestToVerifyRadioButtonExist" time="2.246"/>
  <testcase classname="RegistrationForm.RegistrationFormTest" name="htestToVerifyCheckboxExist" time="0.231"/>
  <testcase classname="RegistrationForm.RegistrationFormTest" name="gtestToVerifyRadioButtonSelected" time="2.214"/>
  <testcase classname="RegistrationForm.RegistrationFormTest" name="btestPassword" time="2.231"/>
  <testcase classname="RegistrationForm.RegistrationFormTest" name="etestToVerifyRadioButtonOneSelected" time="2.207"/>
  <testcase classname="RegistrationForm.RegistrationFormTest" name="ftestToVerifyRadioButtonTwoSelected" time="2.236"/>
  <testcase classname="RegistrationForm.RegistrationFormTest" name="htestToVerifyCheckBoxOneSelected" time="2.202"/>
  <testcase classname="RegistrationForm.RegistrationFormTest" name="atestEmail" time="2.160"/>
</testsuite> <!-- RegistrationForm.RegistrationFormTest -->
