<?xml version="1.0" encoding="UTF-8"?>
<!-- Generated by org.testng.reporters.JUnitReportReporter -->
<testsuite hostname="DESKTOP-APEAPNV" failures="0" tests="5" name="LoginForm.LoginFormTest" time="11.237" errors="0" timestamp="2022-10-07T00:49:54 IST" skipped="0">
  <testcase classname="LoginForm.LoginFormTest" name="btestUserInput" time="2.380"/>
  <testcase classname="LoginForm.LoginFormTest" name="detestLink" time="2.205"/>
  <testcase classname="LoginForm.LoginFormTest" name="dtestCheckBox" time="2.207"/>
  <testcase classname="LoginForm.LoginFormTest" name="ftestLogInButton" time="2.234"/>
  <testcase classname="LoginForm.LoginFormTest" name="ctestUserPassword" time="2.211"/>
</testsuite> <!-- LoginForm.LoginFormTest -->
